<?xml version="1.0" encoding="UTF-8"?>
<testng-results ignored="0" total="1" passed="1" failed="0" skipped="0">
  <reporter-output>
  </reporter-output>
  <suite started-at="2024-04-05T11:18:50 IST" name="Default suite" finished-at="2024-04-05T11:19:20 IST" duration-ms="30859">
    <groups>
    </groups>
    <test started-at="2024-04-05T11:18:50 IST" name="Default test" finished-at="2024-04-05T11:19:20 IST" duration-ms="30859">
      <class name="com.retrieveLink.RetrieveFlipKartLink">
        <test-method signature="retriverLinkUsingForEach()[pri:0, instance:com.retrieveLink.RetrieveFlipKartLink@28f2a10f]" started-at="2024-04-05T11:18:50 IST" name="retriverLinkUsingForEach" finished-at="2024-04-05T11:19:20 IST" duration-ms="30796" status="PASS">
          <reporter-output>
          </reporter-output>
        </test-method> <!-- retriverLinkUsingForEach -->
      </class> <!-- com.retrieveLink.RetrieveFlipKartLink -->
    </test> <!-- Default test -->
  </suite> <!-- Default suite -->
</testng-results>
